2011-12-28 12:36:22 Error: [MissingControllerException] Controller class AdminController could not be found.
#0 /Applications/MAMP/htdocs/gestionkzom/webroot/index.php(96): Dispatcher->dispatch(Object(CakeRequest), Object(CakeResponse))
#1 {main}
2011-12-28 12:37:12 Error: [MissingControllerException] Controller class AdminController could not be found.
#0 /Applications/MAMP/htdocs/gestionkzom/webroot/index.php(96): Dispatcher->dispatch(Object(CakeRequest), Object(CakeResponse))
#1 {main}
2011-12-28 12:38:46 Error: [MissingControllerException] Controller class PlayersController could not be found.
#0 /Applications/MAMP/htdocs/gestionkzom/webroot/index.php(96): Dispatcher->dispatch(Object(CakeRequest), Object(CakeResponse))
#1 {main}
2011-12-28 14:16:46 Error: [MissingControllerException] Controller class TeamStandingsController could not be found.
#0 /Applications/MAMP/htdocs/gestionkzom/webroot/index.php(96): Dispatcher->dispatch(Object(CakeRequest), Object(CakeResponse))
#1 {main}
2011-12-28 14:17:34 Error: [PDOException] SQLSTATE[23000]: Integrity constraint violation: 1048 Column 'url' cannot be null
#0 /Users/fprieur/Library/cakephp/lib/Cake/Model/Datasource/DboSource.php(436): PDOStatement->execute(Array)
#1 /Users/fprieur/Library/cakephp/lib/Cake/Model/Datasource/DboSource.php(403): DboSource->_execute('INSERT INTO `te...', Array)
#2 /Users/fprieur/Library/cakephp/lib/Cake/Model/Datasource/DboSource.php(967): DboSource->execute('INSERT INTO `te...')
#3 /Users/fprieur/Library/cakephp/lib/Cake/Model/Model.php(1629): DboSource->create(Object(Team), Array, Array)
#4 /Applications/MAMP/htdocs/gestionkzom/Controller/TeamsController.php(43): Model->save(Array)
#5 [internal function]: TeamsController->add()
#6 /Users/fprieur/Library/cakephp/lib/Cake/Controller/Controller.php(473): ReflectionMethod->invokeArgs(Object(TeamsController), Array)
#7 /Users/fprieur/Library/cakephp/lib/Cake/Routing/Dispatcher.php(107): Controller->invokeAction(Object(CakeRequest))
#8 /Users/fprieur/Library/cakephp/lib/Cake/Routing/Dispatcher.php(89): Dispatcher->_invoke(Object(TeamsController), Object(CakeRequest), Object(CakeResponse))
#9 /Applications/MAMP/htdocs/gestionkzom/webroot/index.php(96): Dispatcher->dispatch(Object(CakeRequest), Object(CakeResponse))
#10 {main}
2011-12-28 14:21:54 Error: [MissingViewException] View file "/Applications/MAMP/htdocs/gestionkzom/View/Players/index.ctp" is missing.
#0 /Users/fprieur/Library/cakephp/lib/Cake/View/View.php(363): View->_getViewFileName(NULL)
#1 /Users/fprieur/Library/cakephp/lib/Cake/Controller/Controller.php(900): View->render(NULL, NULL)
#2 /Users/fprieur/Library/cakephp/lib/Cake/Routing/Dispatcher.php(114): Controller->render()
#3 /Users/fprieur/Library/cakephp/lib/Cake/Routing/Dispatcher.php(89): Dispatcher->_invoke(Object(PlayersController), Object(CakeRequest), Object(CakeResponse))
#4 /Applications/MAMP/htdocs/gestionkzom/webroot/index.php(96): Dispatcher->dispatch(Object(CakeRequest), Object(CakeResponse))
#5 {main}
2011-12-28 14:46:43 Error: [MissingControllerException] Controller class PlayerStatsController could not be found.
#0 /Applications/MAMP/htdocs/gestionkzom/webroot/index.php(96): Dispatcher->dispatch(Object(CakeRequest), Object(CakeResponse))
#1 {main}
2011-12-28 14:49:10 Error: [NotFoundException] Invalid player stat
#0 [internal function]: PlayerStatsController->edit()
#1 /Users/fprieur/Library/cakephp/lib/Cake/Controller/Controller.php(473): ReflectionMethod->invokeArgs(Object(PlayerStatsController), Array)
#2 /Users/fprieur/Library/cakephp/lib/Cake/Routing/Dispatcher.php(107): Controller->invokeAction(Object(CakeRequest))
#3 /Users/fprieur/Library/cakephp/lib/Cake/Routing/Dispatcher.php(89): Dispatcher->_invoke(Object(PlayerStatsController), Object(CakeRequest), Object(CakeResponse))
#4 /Applications/MAMP/htdocs/gestionkzom/webroot/index.php(96): Dispatcher->dispatch(Object(CakeRequest), Object(CakeResponse))
#5 {main}
2011-12-28 15:06:17 Error: [MissingTableException] Database table home_teams for model HomeTeam was not found.
#0 /Users/fprieur/Library/cakephp/lib/Cake/Model/Model.php(3238): Model->setSource('home_teams')
#1 /Users/fprieur/Library/cakephp/lib/Cake/Model/Datasource/DboSource.php(1026): Model->getDataSource()
#2 /Users/fprieur/Library/cakephp/lib/Cake/Model/Model.php(2460): DboSource->read(Object(Game), Array)
#3 /Users/fprieur/Library/cakephp/lib/Cake/Controller/Component/PaginatorComponent.php(172): Model->find('all', Array)
#4 /Users/fprieur/Library/cakephp/lib/Cake/Controller/Controller.php(1025): PaginatorComponent->paginate(NULL, Array, Array)
#5 /Applications/MAMP/htdocs/gestionkzom/Controller/GamesController.php(18): Controller->paginate()
#6 [internal function]: GamesController->index()
#7 /Users/fprieur/Library/cakephp/lib/Cake/Controller/Controller.php(473): ReflectionMethod->invokeArgs(Object(GamesController), Array)
#8 /Users/fprieur/Library/cakephp/lib/Cake/Routing/Dispatcher.php(107): Controller->invokeAction(Object(CakeRequest))
#9 /Users/fprieur/Library/cakephp/lib/Cake/Routing/Dispatcher.php(89): Dispatcher->_invoke(Object(GamesController), Object(CakeRequest), Object(CakeResponse))
#10 /Applications/MAMP/htdocs/gestionkzom/webroot/index.php(96): Dispatcher->dispatch(Object(CakeRequest), Object(CakeResponse))
#11 {main}
2011-12-28 16:16:02 Error: [MissingControllerException] Controller class TeamStandingsController could not be found.
#0 /Applications/MAMP/htdocs/gestionkzom/webroot/index.php(96): Dispatcher->dispatch(Object(CakeRequest), Object(CakeResponse))
#1 {main}
2011-12-29 14:33:15 Error: [PDOException] SQLSTATE[42S22]: Column not found: 1054 Unknown column 'Model.firstname' in 'order clause'
#0 /Users/fprieur/Library/cakephp/lib/Cake/Model/Datasource/DboSource.php(436): PDOStatement->execute(Array)
#1 /Users/fprieur/Library/cakephp/lib/Cake/Model/Datasource/DboSource.php(403): DboSource->_execute('SELECT `Player`...', Array)
#2 /Users/fprieur/Library/cakephp/lib/Cake/Model/Datasource/DboSource.php(647): DboSource->execute('SELECT `Player`...', Array, Array)
#3 /Users/fprieur/Library/cakephp/lib/Cake/Model/Datasource/DboSource.php(1040): DboSource->fetchAll('SELECT `Player`...', false)
#4 /Users/fprieur/Library/cakephp/lib/Cake/Model/Model.php(2460): DboSource->read(Object(Player), Array)
#5 /Applications/MAMP/htdocs/gestionkzom/Controller/PlayersController.php(38): Model->find('all', Array)
#6 [internal function]: PlayersController->viewjson()
#7 /Users/fprieur/Library/cakephp/lib/Cake/Controller/Controller.php(473): ReflectionMethod->invokeArgs(Object(PlayersController), Array)
#8 /Users/fprieur/Library/cakephp/lib/Cake/Routing/Dispatcher.php(107): Controller->invokeAction(Object(CakeRequest))
#9 /Users/fprieur/Library/cakephp/lib/Cake/Routing/Dispatcher.php(89): Dispatcher->_invoke(Object(PlayersController), Object(CakeRequest), Object(CakeResponse))
#10 /Applications/MAMP/htdocs/gestionkzom/webroot/index.php(96): Dispatcher->dispatch(Object(CakeRequest), Object(CakeResponse))
#11 {main}
2011-12-29 14:34:48 Error: [MissingLayoutException] Layout file "/Applications/MAMP/htdocs/gestionkzom/View/Layouts/fred.ctp" is missing.
#0 /Users/fprieur/Library/cakephp/lib/Cake/View/View.php(396): View->_getLayoutFileName('fred')
#1 /Users/fprieur/Library/cakephp/lib/Cake/View/View.php(376): View->renderLayout('<pre>[{"Player"...', 'fred')
#2 /Users/fprieur/Library/cakephp/lib/Cake/Controller/Controller.php(900): View->render(NULL, NULL)
#3 /Users/fprieur/Library/cakephp/lib/Cake/Routing/Dispatcher.php(114): Controller->render()
#4 /Users/fprieur/Library/cakephp/lib/Cake/Routing/Dispatcher.php(89): Dispatcher->_invoke(Object(PlayersController), Object(CakeRequest), Object(CakeResponse))
#5 /Applications/MAMP/htdocs/gestionkzom/webroot/index.php(96): Dispatcher->dispatch(Object(CakeRequest), Object(CakeResponse))
#6 {main}
2011-12-29 14:34:57 Error: [MissingLayoutException] Layout file "/Applications/MAMP/htdocs/gestionkzom/View/Layouts/fred.ctp" is missing.
#0 /Users/fprieur/Library/cakephp/lib/Cake/View/View.php(396): View->_getLayoutFileName('fred')
#1 /Users/fprieur/Library/cakephp/lib/Cake/View/View.php(376): View->renderLayout('<pre>[{"Player"...', 'fred')
#2 /Users/fprieur/Library/cakephp/lib/Cake/Controller/Controller.php(900): View->render(NULL, NULL)
#3 /Users/fprieur/Library/cakephp/lib/Cake/Routing/Dispatcher.php(114): Controller->render()
#4 /Users/fprieur/Library/cakephp/lib/Cake/Routing/Dispatcher.php(89): Dispatcher->_invoke(Object(PlayersController), Object(CakeRequest), Object(CakeResponse))
#5 /Applications/MAMP/htdocs/gestionkzom/webroot/index.php(96): Dispatcher->dispatch(Object(CakeRequest), Object(CakeResponse))
#6 {main}
2011-12-29 14:36:38 Error: [PDOException] SQLSTATE[42S22]: Column not found: 1054 Unknown column 'Player.Player' in 'field list'
#0 /Users/fprieur/Library/cakephp/lib/Cake/Model/Datasource/DboSource.php(436): PDOStatement->execute(Array)
#1 /Users/fprieur/Library/cakephp/lib/Cake/Model/Datasource/DboSource.php(403): DboSource->_execute('SELECT `Player`...', Array)
#2 /Users/fprieur/Library/cakephp/lib/Cake/Model/Datasource/DboSource.php(647): DboSource->execute('SELECT `Player`...', Array, Array)
#3 /Users/fprieur/Library/cakephp/lib/Cake/Model/Datasource/DboSource.php(1040): DboSource->fetchAll('SELECT `Player`...', false)
#4 /Users/fprieur/Library/cakephp/lib/Cake/Model/Model.php(2460): DboSource->read(Object(Player), Array)
#5 /Applications/MAMP/htdocs/gestionkzom/Controller/PlayersController.php(38): Model->find('all', Array)
#6 [internal function]: PlayersController->viewjson()
#7 /Users/fprieur/Library/cakephp/lib/Cake/Controller/Controller.php(473): ReflectionMethod->invokeArgs(Object(PlayersController), Array)
#8 /Users/fprieur/Library/cakephp/lib/Cake/Routing/Dispatcher.php(107): Controller->invokeAction(Object(CakeRequest))
#9 /Users/fprieur/Library/cakephp/lib/Cake/Routing/Dispatcher.php(89): Dispatcher->_invoke(Object(PlayersController), Object(CakeRequest), Object(CakeResponse))
#10 /Applications/MAMP/htdocs/gestionkzom/webroot/index.php(96): Dispatcher->dispatch(Object(CakeRequest), Object(CakeResponse))
#11 {main}
2011-12-29 14:50:17 Error: [NotFoundException] Ce joueur n'a pu être trouvé
#0 [internal function]: PlayersController->viewjson()
#1 /Users/fprieur/Library/cakephp/lib/Cake/Controller/Controller.php(473): ReflectionMethod->invokeArgs(Object(PlayersController), Array)
#2 /Users/fprieur/Library/cakephp/lib/Cake/Routing/Dispatcher.php(107): Controller->invokeAction(Object(CakeRequest))
#3 /Users/fprieur/Library/cakephp/lib/Cake/Routing/Dispatcher.php(89): Dispatcher->_invoke(Object(PlayersController), Object(CakeRequest), Object(CakeResponse))
#4 /Applications/MAMP/htdocs/gestionkzom/webroot/index.php(96): Dispatcher->dispatch(Object(CakeRequest), Object(CakeResponse))
#5 {main}
2012-01-04 00:32:04 Error: [MissingControllerException] Controller class WebrootController could not be found.
#0 /Applications/MAMP/htdocs/gestionkzom/webroot/index.php(104): Dispatcher->dispatch(Object(CakeRequest), Object(CakeResponse))
#1 {main}
2012-01-04 00:32:16 Error: [MissingControllerException] Controller class WebrootController could not be found.
#0 /Applications/MAMP/htdocs/gestionkzom/webroot/index.php(104): Dispatcher->dispatch(Object(CakeRequest), Object(CakeResponse))
#1 {main}
2012-01-04 00:32:30 Error: [MissingControllerException] Controller class WebrootController could not be found.
#0 /Applications/MAMP/htdocs/gestionkzom/webroot/index.php(104): Dispatcher->dispatch(Object(CakeRequest), Object(CakeResponse))
#1 {main}
2012-01-04 00:33:11 Error: [MissingControllerException] Controller class WebcssController could not be found.
#0 /Applications/MAMP/htdocs/gestionkzom/webroot/index.php(104): Dispatcher->dispatch(Object(CakeRequest), Object(CakeResponse))
#1 {main}
2012-01-04 00:33:12 Error: [MissingControllerException] Controller class WebrootcssController could not be found.
#0 /Applications/MAMP/htdocs/gestionkzom/webroot/index.php(104): Dispatcher->dispatch(Object(CakeRequest), Object(CakeResponse))
#1 {main}
2012-01-04 00:33:27 Error: [MissingControllerException] Controller class CssController could not be found.
#0 /Applications/MAMP/htdocs/gestionkzom/webroot/index.php(104): Dispatcher->dispatch(Object(CakeRequest), Object(CakeResponse))
#1 {main}
2012-01-04 00:35:12 Error: [MissingControllerException] Controller class CssController could not be found.
#0 /Applications/MAMP/htdocs/gestionkzom/webroot/index.php(104): Dispatcher->dispatch(Object(CakeRequest), Object(CakeResponse))
#1 {main}
2012-01-04 00:35:18 Error: [MissingControllerException] Controller class CssController could not be found.
#0 /Applications/MAMP/htdocs/gestionkzom/webroot/index.php(104): Dispatcher->dispatch(Object(CakeRequest), Object(CakeResponse))
#1 {main}
2012-01-04 00:35:35 Error: [MissingControllerException] Controller class WebrootController could not be found.
#0 /Applications/MAMP/htdocs/gestionkzom/webroot/index.php(104): Dispatcher->dispatch(Object(CakeRequest), Object(CakeResponse))
#1 {main}
2012-01-04 00:37:06 Error: [MissingControllerException] Controller class WebrootController could not be found.
#0 /Applications/MAMP/htdocs/gestionkzom/webroot/index.php(104): Dispatcher->dispatch(Object(CakeRequest), Object(CakeResponse))
#1 {main}
2012-01-05 19:21:54 Error: [MissingControllerException] Controller class TeamStandingsController could not be found.
#0 /Applications/MAMP/htdocs/gestionkzom/webroot/index.php(104): Dispatcher->dispatch(Object(CakeRequest), Object(CakeResponse))
#1 {main}
2012-01-05 19:30:32 Error: [MissingControllerException] Controller class GameSummariesController could not be found.
#0 /Applications/MAMP/htdocs/gestionkzom/webroot/index.php(104): Dispatcher->dispatch(Object(CakeRequest), Object(CakeResponse))
#1 {main}
2012-01-05 19:35:29 Error: [MissingControllerException] Controller class GameSummariesController could not be found.
#0 /Applications/MAMP/htdocs/gestionkzom/webroot/index.php(104): Dispatcher->dispatch(Object(CakeRequest), Object(CakeResponse))
#1 {main}
2012-01-13 21:54:39 Error: [MissingControllerException] Controller class Players.jsonController could not be found.
#0 /Applications/MAMP/htdocs/gestionkzom/webroot/index.php(104): Dispatcher->dispatch(Object(CakeRequest), Object(CakeResponse))
#1 {main}
2012-01-13 21:56:14 Error: [MissingViewException] View file "/Applications/MAMP/htdocs/gestionkzom//View/Players/json/index.ctp" is missing.
#0 /Users/fprieur/Library/cakephp/lib/Cake/View/View.php(363): View->_getViewFileName(NULL)
#1 /Users/fprieur/Library/cakephp/lib/Cake/Controller/Controller.php(900): View->render(NULL, NULL)
#2 /Users/fprieur/Library/cakephp/lib/Cake/Routing/Dispatcher.php(114): Controller->render()
#3 /Users/fprieur/Library/cakephp/lib/Cake/Routing/Dispatcher.php(89): Dispatcher->_invoke(Object(PlayersController), Object(CakeRequest), Object(CakeResponse))
#4 /Applications/MAMP/htdocs/gestionkzom/webroot/index.php(104): Dispatcher->dispatch(Object(CakeRequest), Object(CakeResponse))
#5 {main}
2012-01-15 15:11:50 Error: [MissingViewException] View file "/Applications/MAMP/htdocs/gestionkzom//View/Conferences/indexjson.ctp" is missing.
#0 /Users/fprieur/Library/cakephp/lib/Cake/View/View.php(363): View->_getViewFileName(NULL)
#1 /Users/fprieur/Library/cakephp/lib/Cake/Controller/Controller.php(900): View->render(NULL, NULL)
#2 /Users/fprieur/Library/cakephp/lib/Cake/Routing/Dispatcher.php(114): Controller->render()
#3 /Users/fprieur/Library/cakephp/lib/Cake/Routing/Dispatcher.php(89): Dispatcher->_invoke(Object(ConferencesController), Object(CakeRequest), Object(CakeResponse))
#4 /Applications/MAMP/htdocs/gestionkzom/webroot/index.php(104): Dispatcher->dispatch(Object(CakeRequest), Object(CakeResponse))
#5 {main}
2012-01-15 15:12:30 Error: [MissingViewException] View file "/Applications/MAMP/htdocs/gestionkzom//View/Games/indexjson.ctp" is missing.
#0 /Users/fprieur/Library/cakephp/lib/Cake/View/View.php(363): View->_getViewFileName(NULL)
#1 /Users/fprieur/Library/cakephp/lib/Cake/Controller/Controller.php(900): View->render(NULL, NULL)
#2 /Users/fprieur/Library/cakephp/lib/Cake/Routing/Dispatcher.php(114): Controller->render()
#3 /Users/fprieur/Library/cakephp/lib/Cake/Routing/Dispatcher.php(89): Dispatcher->_invoke(Object(GamesController), Object(CakeRequest), Object(CakeResponse))
#4 /Applications/MAMP/htdocs/gestionkzom/webroot/index.php(104): Dispatcher->dispatch(Object(CakeRequest), Object(CakeResponse))
#5 {main}
